Arguments: 
  /usr/local/bin/node /usr/local/Cellar/yarn/1.7.0/libexec/bin/yarn.js add -D parcel-bundler-manifest

PATH: 
  /usr/local/bin:/usr/bin:/bin:/usr/sbin:/sbin

Yarn version: 
  1.7.0

Node version: 
  8.11.3

Platform: 
  darwin x64

Trace: 
  Error: https://registry.yarnpkg.com/parcel-bundler-manifest: Not found
      at Request.params.callback [as _callback] (/usr/local/Cellar/yarn/1.7.0/libexec/lib/cli.js:65656:18)
      at Request.self.callback (/usr/local/Cellar/yarn/1.7.0/libexec/lib/cli.js:134675:22)
      at emitTwo (events.js:126:13)
      at Request.emit (events.js:214:7)
      at Request.<anonymous> (/usr/local/Cellar/yarn/1.7.0/libexec/lib/cli.js:135658:10)
      at emitOne (events.js:116:13)
      at Request.emit (events.js:211:7)
      at IncomingMessage.<anonymous> (/usr/local/Cellar/yarn/1.7.0/libexec/lib/cli.js:135578:12)
      at Object.onceWrapper (events.js:313:30)
      at emitNone (events.js:111:20)

npm manifest: 
  {
    "name": "parcel-plugin-cep",
    "version": "1.3.0",
    "description": "",
    "main": "src/index.js",
    "keywords": [
      "parcel",
      "manifest"
    ],
    "scripts": {
      "test": "echo \"Error: no test specified\" && exit 1"
    },
    "peerDependencies": {
      "parcel-bundler": "^1.9.0"
    },
    "license": "MIT",
    "dependencies": {
      "chokidar": "^2.0.4",
      "fs-extra": "^5.0.0",
      "lodash": "^4.17.5"
    },
    "prettier": {
      "trailingComma": "es5",
      "singleQuote": true,
      "semi": false
    }
  }

yarn manifest: 
  No manifest

Lockfile: 
  No lockfile
